<?xml version="1.0" encoding="UTF-8"?>
<!-- Generated by org.testng.reporters.JUnitReportReporter -->
<testsuite skipped="0" hostname="Honey" name="com.datadriven.tests.LoginTest" tests="13" failures="0" timestamp="09 May 2019 15:29:51 GMT" time="0.067" errors="0">
  <testcase name="LoginTest" time="0.011" classname="com.datadriven.tests.LoginTest"/>
  <testcase name="SignUpTest" time="0.017" classname="com.datadriven.tests.LoginTest"/>
  <testcase name="LoginTest" time="0.004" classname="com.datadriven.tests.LoginTest"/>
  <testcase name="SignUpTest2" time="0.002" classname="com.datadriven.tests.LoginTest"/>
  <testcase name="SignUpTest2" time="0.006" classname="com.datadriven.tests.LoginTest"/>
  <testcase name="SignUpTest" time="0.002" classname="com.datadriven.tests.LoginTest"/>
  <testcase name="SignUpTest2" time="0.002" classname="com.datadriven.tests.LoginTest"/>
  <testcase name="SignUpTest" time="0.002" classname="com.datadriven.tests.LoginTest"/>
  <testcase name="SignUpTest2" time="0.003" classname="com.datadriven.tests.LoginTest"/>
  <testcase name="SignUpTest2" time="0.003" classname="com.datadriven.tests.LoginTest"/>
  <testcase name="LoginTest" time="0.010" classname="com.datadriven.tests.LoginTest"/>
  <testcase name="SignUpTest" time="0.002" classname="com.datadriven.tests.LoginTest"/>
  <testcase name="SignUpTest" time="0.003" classname="com.datadriven.tests.LoginTest"/>
</testsuite> <!-- com.datadriven.tests.LoginTest -->
