<?xml version="1.0" encoding="UTF-8"?>
<!-- Generated by org.testng.reporters.JUnitReportReporter -->
<testsuite skipped="0" hostname="Honey" name="com.datadriven.tests.LoginTest" tests="2" failures="0" timestamp="11 May 2019 19:20:21 GMT" time="104.314" errors="0">
  <testcase name="test_LoginTest" time="81.996" classname="com.datadriven.tests.LoginTest"/>
  <testcase name="test_LoginTest" time="22.318" classname="com.datadriven.tests.LoginTest"/>
</testsuite> <!-- com.datadriven.tests.LoginTest -->
