<?xml version="1.0" encoding="UTF-8"?>
<!-- Generated by org.testng.reporters.JUnitReportReporter -->
<testsuite skipped="0" hostname="Honey" name="BasicTest" tests="2" failures="0" timestamp="22 Apr 2019 13:45:08 GMT" time="40.177" errors="0">
  <testcase name="sampleTest1" time="20.753" classname="BasicTest"/>
  <testcase name="sampleTest" time="19.424" classname="BasicTest"/>
</testsuite> <!-- BasicTest -->
