<?xml version="1.0" encoding="UTF-8"?>
<!-- Generated by org.testng.reporters.JUnitReportReporter -->
<testsuite skipped="0" hostname="Honey" name="BasicTest" tests="1" failures="0" timestamp="21 Apr 2019 17:07:10 GMT" time="41.345" errors="0">
  <testcase name="sampleTest" time="41.345" classname="BasicTest"/>
</testsuite> <!-- BasicTest -->
