<?xml version="1.0" encoding="UTF-8"?>
<!-- Generated by org.testng.reporters.JUnitReportReporter -->
<testsuite skipped="0" hostname="Honey" name="com.datadriven.tests.LoginTestFB" tests="2" failures="0" timestamp="12 May 2019 14:28:40 GMT" time="91.766" errors="0">
  <testcase name="test_LoginTest" time="13.162" classname="com.datadriven.tests.LoginTestFB"/>
  <testcase name="test_LoginTest" time="78.604" classname="com.datadriven.tests.LoginTestFB"/>
</testsuite> <!-- com.datadriven.tests.LoginTestFB -->
