<?xml version="1.0" encoding="UTF-8"?>
<!-- Generated by org.testng.reporters.JUnitReportReporter -->
<testsuite skipped="0" hostname="Honey" name="BasicTest" tests="1" failures="0" timestamp="22 Apr 2019 09:34:50 GMT" time="23.051" errors="0">
  <testcase name="sampleTest" time="23.051" classname="BasicTest"/>
</testsuite> <!-- BasicTest -->
